{"C:\\Users\\Client\\Documents\\WTA\\ReRead\\backend\\utils\\tokenManager.js": {"path":"C:\\Users\\Client\\Documents\\WTA\\ReRead\\backend\\utils\\tokenManager.js","statementMap":{"0":{"start":{"line":3,"column":12},"end":{"line":3,"column":35}},"1":{"start":{"line":6,"column":2},"end":{"line":6,"column":66}},"2":{"start":{"line":7,"column":19},"end":{"line":7,"column":24}},"3":{"start":{"line":8,"column":23},"end":{"line":8,"column":27}},"4":{"start":{"line":11,"column":0},"end":{"line":21,"column":2}},"5":{"start":{"line":18,"column":2},"end":{"line":20,"column":5}},"6":{"start":{"line":24,"column":0},"end":{"line":26,"column":2}},"7":{"start":{"line":25,"column":2},"end":{"line":25,"column":73}},"8":{"start":{"line":29,"column":0},"end":{"line":44,"column":2}},"9":{"start":{"line":30,"column":22},"end":{"line":36,"column":3}},"10":{"start":{"line":37,"column":23},"end":{"line":37,"column":59}},"11":{"start":{"line":39,"column":2},"end":{"line":43,"column":4}},"12":{"start":{"line":47,"column":0},"end":{"line":53,"column":2}},"13":{"start":{"line":48,"column":2},"end":{"line":52,"column":3}},"14":{"start":{"line":49,"column":4},"end":{"line":49,"column":41}},"15":{"start":{"line":51,"column":4},"end":{"line":51,"column":16}},"16":{"start":{"line":56,"column":0},"end":{"line":62,"column":2}},"17":{"start":{"line":57,"column":2},"end":{"line":61,"column":3}},"18":{"start":{"line":58,"column":4},"end":{"line":58,"column":29}},"19":{"start":{"line":60,"column":4},"end":{"line":60,"column":16}},"20":{"start":{"line":65,"column":0},"end":{"line":86,"column":2}},"21":{"start":{"line":66,"column":21},"end":{"line":66,"column":49}},"22":{"start":{"line":67,"column":16},"end":{"line":67,"column":54}},"23":{"start":{"line":69,"column":2},"end":{"line":74,"column":3}},"24":{"start":{"line":70,"column":4},"end":{"line":73,"column":7}},"25":{"start":{"line":76,"column":18},"end":{"line":76,"column":44}},"26":{"start":{"line":77,"column":2},"end":{"line":82,"column":3}},"27":{"start":{"line":78,"column":4},"end":{"line":81,"column":7}},"28":{"start":{"line":84,"column":2},"end":{"line":84,"column":21}},"29":{"start":{"line":85,"column":2},"end":{"line":85,"column":9}},"30":{"start":{"line":89,"column":0},"end":{"line":109,"column":2}},"31":{"start":{"line":90,"column":27},"end":{"line":90,"column":35}},"32":{"start":{"line":92,"column":2},"end":{"line":97,"column":3}},"33":{"start":{"line":93,"column":4},"end":{"line":96,"column":7}},"34":{"start":{"line":99,"column":18},"end":{"line":99,"column":51}},"35":{"start":{"line":100,"column":2},"end":{"line":105,"column":3}},"36":{"start":{"line":101,"column":4},"end":{"line":104,"column":7}},"37":{"start":{"line":107,"column":2},"end":{"line":107,"column":21}},"38":{"start":{"line":108,"column":2},"end":{"line":108,"column":9}}},"fnMap":{"0":{"name":"(anonymous_0)","decl":{"start":{"line":11,"column":30},"end":{"line":11,"column":31}},"loc":{"start":{"line":17,"column":5},"end":{"line":21,"column":1}},"line":17},"1":{"name":"(anonymous_1)","decl":{"start":{"line":24,"column":31},"end":{"line":24,"column":32}},"loc":{"start":{"line":24,"column":43},"end":{"line":26,"column":1}},"line":24},"2":{"name":"(anonymous_2)","decl":{"start":{"line":29,"column":25},"end":{"line":29,"column":26}},"loc":{"start":{"line":29,"column":78},"end":{"line":44,"column":1}},"line":29},"3":{"name":"(anonymous_3)","decl":{"start":{"line":47,"column":22},"end":{"line":47,"column":23}},"loc":{"start":{"line":47,"column":33},"end":{"line":53,"column":1}},"line":47},"4":{"name":"(anonymous_4)","decl":{"start":{"line":56,"column":22},"end":{"line":56,"column":23}},"loc":{"start":{"line":56,"column":33},"end":{"line":62,"column":1}},"line":56},"5":{"name":"(anonymous_5)","decl":{"start":{"line":65,"column":28},"end":{"line":65,"column":29}},"loc":{"start":{"line":65,"column":48},"end":{"line":86,"column":1}},"line":65},"6":{"name":"(anonymous_6)","decl":{"start":{"line":89,"column":35},"end":{"line":89,"column":36}},"loc":{"start":{"line":89,"column":55},"end":{"line":109,"column":1}},"line":89}},"branchMap":{"0":{"loc":{"start":{"line":6,"column":2},"end":{"line":6,"column":66}},"type":"binary-expr","locations":[{"start":{"line":6,"column":2},"end":{"line":6,"column":24}},{"start":{"line":6,"column":28},"end":{"line":6,"column":66}}],"line":6},"1":{"loc":{"start":{"line":16,"column":2},"end":{"line":16,"column":18}},"type":"default-arg","locations":[{"start":{"line":16,"column":13},"end":{"line":16,"column":18}}],"line":16},"2":{"loc":{"start":{"line":29,"column":57},"end":{"line":29,"column":73}},"type":"default-arg","locations":[{"start":{"line":29,"column":68},"end":{"line":29,"column":73}}],"line":29},"3":{"loc":{"start":{"line":67,"column":16},"end":{"line":67,"column":54}},"type":"binary-expr","locations":[{"start":{"line":67,"column":16},"end":{"line":67,"column":26}},{"start":{"line":67,"column":30},"end":{"line":67,"column":54}}],"line":67},"4":{"loc":{"start":{"line":69,"column":2},"end":{"line":74,"column":3}},"type":"if","locations":[{"start":{"line":69,"column":2},"end":{"line":74,"column":3}},{"start":{},"end":{}}],"line":69},"5":{"loc":{"start":{"line":77,"column":2},"end":{"line":82,"column":3}},"type":"if","locations":[{"start":{"line":77,"column":2},"end":{"line":82,"column":3}},{"start":{},"end":{}}],"line":77},"6":{"loc":{"start":{"line":92,"column":2},"end":{"line":97,"column":3}},"type":"if","locations":[{"start":{"line":92,"column":2},"end":{"line":97,"column":3}},{"start":{},"end":{}}],"line":92},"7":{"loc":{"start":{"line":100,"column":2},"end":{"line":105,"column":3}},"type":"if","locations":[{"start":{"line":100,"column":2},"end":{"line":105,"column":3}},{"start":{},"end":{}}],"line":100}},"s":{"0":1,"1":1,"2":1,"3":1,"4":1,"5":2,"6":1,"7":2,"8":1,"9":1,"10":1,"11":1,"12":1,"13":6,"14":6,"15":3,"16":1,"17":1,"18":1,"19":0,"20":1,"21":3,"22":3,"23":3,"24":1,"25":2,"26":2,"27":1,"28":1,"29":1,"30":1,"31":3,"32":3,"33":1,"34":2,"35":2,"36":1,"37":1,"38":1},"f":{"0":2,"1":2,"2":1,"3":6,"4":1,"5":3,"6":3},"b":{"0":[1,1],"1":[1],"2":[1],"3":[3,2],"4":[1,2],"5":[1,1],"6":[1,2],"7":[1,1]},"_coverageSchema":"1a1c01bbd47fc00a2c39e90264f33305004495a9","hash":"ccaf0251f08be62462e2a6f3940a1446dd98f51b"}
,"C:\\Users\\Client\\Documents\\WTA\\ReRead\\backend\\utils\\validationHelpers.js": {"path":"C:\\Users\\Client\\Documents\\WTA\\ReRead\\backend\\utils\\validationHelpers.js","statementMap":{"0":{"start":{"line":1,"column":21},"end":{"line":6,"column":1}},"1":{"start":{"line":2,"column":4},"end":{"line":2,"column":58}},"2":{"start":{"line":2,"column":45},"end":{"line":2,"column":58}},"3":{"start":{"line":4,"column":23},"end":{"line":4,"column":51}},"4":{"start":{"line":5,"column":4},"end":{"line":5,"column":34}},"5":{"start":{"line":8,"column":24},"end":{"line":12,"column":1}},"6":{"start":{"line":9,"column":4},"end":{"line":9,"column":64}},"7":{"start":{"line":9,"column":51},"end":{"line":9,"column":64}},"8":{"start":{"line":11,"column":4},"end":{"line":11,"column":32}},"9":{"start":{"line":14,"column":0},"end":{"line":14,"column":51}}},"fnMap":{"0":{"name":"(anonymous_0)","decl":{"start":{"line":1,"column":21},"end":{"line":1,"column":22}},"loc":{"start":{"line":1,"column":32},"end":{"line":6,"column":1}},"line":1},"1":{"name":"(anonymous_1)","decl":{"start":{"line":8,"column":24},"end":{"line":8,"column":25}},"loc":{"start":{"line":8,"column":38},"end":{"line":12,"column":1}},"line":8}},"branchMap":{"0":{"loc":{"start":{"line":2,"column":4},"end":{"line":2,"column":58}},"type":"if","locations":[{"start":{"line":2,"column":4},"end":{"line":2,"column":58}},{"start":{},"end":{}}],"line":2},"1":{"loc":{"start":{"line":2,"column":8},"end":{"line":2,"column":43}},"type":"binary-expr","locations":[{"start":{"line":2,"column":8},"end":{"line":2,"column":14}},{"start":{"line":2,"column":18},"end":{"line":2,"column":43}}],"line":2},"2":{"loc":{"start":{"line":9,"column":4},"end":{"line":9,"column":64}},"type":"if","locations":[{"start":{"line":9,"column":4},"end":{"line":9,"column":64}},{"start":{},"end":{}}],"line":9},"3":{"loc":{"start":{"line":9,"column":8},"end":{"line":9,"column":49}},"type":"binary-expr","locations":[{"start":{"line":9,"column":8},"end":{"line":9,"column":17}},{"start":{"line":9,"column":21},"end":{"line":9,"column":49}}],"line":9}},"s":{"0":1,"1":3,"2":1,"3":2,"4":2,"5":1,"6":2,"7":0,"8":2,"9":1},"f":{"0":3,"1":2},"b":{"0":[1,2],"1":[3,2],"2":[0,2],"3":[2,2]},"_coverageSchema":"1a1c01bbd47fc00a2c39e90264f33305004495a9","hash":"3c7834dd11486a4e67bcd9d5476dd3f8aa40a2e3"}
}
