TN:
SF:utils\tokenManager.js
FN:11,(anonymous_0)
FN:24,(anonymous_1)
FN:29,(anonymous_2)
FN:47,(anonymous_3)
FN:56,(anonymous_4)
FN:65,(anonymous_5)
FN:89,(anonymous_6)
FNF:7
FNH:7
FNDA:2,(anonymous_0)
FNDA:2,(anonymous_1)
FNDA:1,(anonymous_2)
FNDA:6,(anonymous_3)
FNDA:1,(anonymous_4)
FNDA:3,(anonymous_5)
FNDA:3,(anonymous_6)
DA:3,1
DA:6,1
DA:7,1
DA:8,1
DA:11,1
DA:18,2
DA:24,1
DA:25,2
DA:29,1
DA:30,1
DA:37,1
DA:39,1
DA:47,1
DA:48,6
DA:49,6
DA:51,3
DA:56,1
DA:57,1
DA:58,1
DA:60,0
DA:65,1
DA:66,3
DA:67,3
DA:69,3
DA:70,1
DA:76,2
DA:77,2
DA:78,1
DA:84,1
DA:85,1
DA:89,1
DA:90,3
DA:92,3
DA:93,1
DA:99,2
DA:100,2
DA:101,1
DA:107,1
DA:108,1
LF:39
LH:38
BRDA:6,0,0,1
BRDA:6,0,1,1
BRDA:16,1,0,1
BRDA:29,2,0,1
BRDA:67,3,0,3
BRDA:67,3,1,2
BRDA:69,4,0,1
BRDA:69,4,1,2
BRDA:77,5,0,1
BRDA:77,5,1,1
BRDA:92,6,0,1
BRDA:92,6,1,2
BRDA:100,7,0,1
BRDA:100,7,1,1
BRF:14
BRH:14
end_of_record
TN:
SF:utils\validationHelpers.js
FN:1,(anonymous_0)
FN:8,(anonymous_1)
FNF:2
FNH:2
FNDA:3,(anonymous_0)
FNDA:2,(anonymous_1)
DA:1,1
DA:2,3
DA:4,2
DA:5,2
DA:8,1
DA:9,2
DA:11,2
DA:14,1
LF:8
LH:8
BRDA:2,0,0,1
BRDA:2,0,1,2
BRDA:2,1,0,3
BRDA:2,1,1,2
BRDA:9,2,0,0
BRDA:9,2,1,2
BRDA:9,3,0,2
BRDA:9,3,1,2
BRF:8
BRH:7
end_of_record
